Performing C SOURCE FILE Test CMAKE_HAVE_LIBC_PTHREAD failed with the following output:
Change Dir: /home/edd993/CLionProjects/hdr_generator/cmake-build-debug/CMakeFiles/CMakeTmp

Run Build Command(s):/usr/bin/make cmTC_ad92e/fast && /usr/bin/make -f CMakeFiles/cmTC_ad92e.dir/build.make CMakeFiles/cmTC_ad92e.dir/build
make[1]: Entering directory '/home/edd993/CLionProjects/hdr_generator/cmake-build-debug/CMakeFiles/CMakeTmp'
Building C object CMakeFiles/cmTC_ad92e.dir/src.c.o
/usr/bin/cc   -DCMAKE_HAVE_LIBC_PTHREAD   -o CMakeFiles/cmTC_ad92e.dir/src.c.o   -c /home/edd993/CLionProjects/hdr_generator/cmake-build-debug/CMakeFiles/CMakeTmp/src.c
Linking C executable cmTC_ad92e
/home/edd993/clion-2020.1.2/bin/cmake/linux/bin/cmake -E cmake_link_script CMakeFiles/cmTC_ad92e.dir/link.txt --verbose=1
/usr/bin/cc  -DCMAKE_HAVE_LIBC_PTHREAD    CMakeFiles/cmTC_ad92e.dir/src.c.o  -o cmTC_ad92e 
/usr/bin/ld: CMakeFiles/cmTC_ad92e.dir/src.c.o: in function `main':
src.c:(.text+0x46): undefined reference to `pthread_create'
/usr/bin/ld: src.c:(.text+0x52): undefined reference to `pthread_detach'
/usr/bin/ld: src.c:(.text+0x63): undefined reference to `pthread_join'
collect2: error: ld returned 1 exit status
make[1]: *** [CMakeFiles/cmTC_ad92e.dir/build.make:87: cmTC_ad92e] Error 1
make[1]: Leaving directory '/home/edd993/CLionProjects/hdr_generator/cmake-build-debug/CMakeFiles/CMakeTmp'
make: *** [Makefile:121: cmTC_ad92e/fast] Error 2


Source file was:
#include <pthread.h>

void* test_func(void* data)
{
  return data;
}

int main(void)
{
  pthread_t thread;
  pthread_create(&thread, NULL, test_func, NULL);
  pthread_detach(thread);
  pthread_join(thread, NULL);
  pthread_atfork(NULL, NULL, NULL);
  pthread_exit(NULL);

  return 0;
}

